<?xml version="1.0" encoding="UTF-8"?>
<!-- Generated by org.testng.reporters.JUnitXMLReporter -->
<testsuite ignored="1" hostname="DESKTOP-HL4JRJF" failures="0" tests="1" name="Default test" time="24.257" errors="0" timestamp="2022-08-12T18:16:00 IST">
  <testcase classname="com.facebook.qa.test.ProfilePageTest" name="verifyProfilePageTest" time="4.252"/>
  <testcase classname="com.facebook.qa.test.ProfilePageTest" name="verifyHomePageTitleTest" time="0.0">
    <ignored/>
  </testcase> <!-- verifyHomePageTitleTest -->
</testsuite> <!-- Default test -->
