<?xml version="1.0" encoding="UTF-8"?>
<!-- Generated by org.testng.reporters.JUnitXMLReporter -->
<testsuite ignored="0" hostname="DESKTOP-HL4JRJF" failures="0" tests="4" name="Default test" time="48.411" errors="0" timestamp="2022-08-12T01:48:06 IST">
  <testcase classname="com.facebook.qa.test.LoginPageTest" name="loginTest" time="2.372"/>
  <testcase classname="com.facebook.qa.test.LoginPageTest" name="loginTest" time="2.288"/>
  <testcase classname="com.facebook.qa.test.LoginPageTest" name="LoginPageTitle" time="0.045"/>
  <testcase classname="com.facebook.qa.test.LoginPageTest" name="loginTest" time="0.292"/>
</testsuite> <!-- Default test -->
