<?xml version="1.0" encoding="UTF-8"?>
<!-- Generated by org.testng.reporters.JUnitXMLReporter -->
<testsuite ignored="0" hostname="DESKTOP-HL4JRJF" failures="0" tests="10" name="Test" time="361.856" errors="0" timestamp="2022-09-29T13:41:15 IST">
  <testcase classname="com.facebook.qa.test.SignUpPageTest" name="@BeforeMethod setUp" time="16.601">
    <failure type="org.openqa.selenium.SessionNotCreatedException" message="Could not start a new session. Response code 500. Message: Process unexpectedly closed with status 0
Build info: version: &amp;apos;4.1.4&amp;apos;, revision: &amp;apos;535d840ee2&amp;apos;
System info: host: &amp;apos;DESKTOP-HL4JRJF&amp;apos;, ip: &amp;apos;192.168.1.3&amp;apos;, os.name: &amp;apos;Windows 10&amp;apos;, os.arch: &amp;apos;amd64&amp;apos;, os.version: &amp;apos;10.0&amp;apos;, java.version: &amp;apos;17.0.1&amp;apos;
Driver info: org.openqa.selenium.firefox.FirefoxDriver
Command: [null, newSession {capabilities=[Capabilities {acceptInsecureCerts: true, browserName: firefox, moz:debuggerAddress: true, moz:firefoxOptions: {}}], desiredCapabilities=Capabilities {acceptInsecureCerts: true, browserName: firefox, moz:debuggerAddress: true, moz:firefoxOptions: {}}}]">
      <![CDATA[org.openqa.selenium.SessionNotCreatedException: Could not start a new session. Response code 500. Message: Process unexpectedly closed with status 0
Build info: version: '4.1.4', revision: '535d840ee2'
System info: host: 'DESKTOP-HL4JRJF', ip: '192.168.1.3', os.name: 'Windows 10', os.arch: 'amd64', os.version: '10.0', java.version: '17.0.1'
Driver info: org.openqa.selenium.firefox.FirefoxDriver
Command: [null, newSession {capabilities=[Capabilities {acceptInsecureCerts: true, browserName: firefox, moz:debuggerAddress: true, moz:firefoxOptions: {}}], desiredCapabilities=Capabilities {acceptInsecureCerts: true, browserName: firefox, moz:debuggerAddress: true, moz:firefoxOptions: {}}}]
at org.openqa.selenium.remote.ProtocolHandshake.createSession(ProtocolHandshake.java:126)
at org.openqa.selenium.remote.ProtocolHandshake.createSession(ProtocolHandshake.java:84)
at org.openqa.selenium.remote.ProtocolHandshake.createSession(ProtocolHandshake.java:62)
at org.openqa.selenium.remote.HttpCommandExecutor.execute(HttpCommandExecutor.java:156)
at org.openqa.selenium.remote.service.DriverCommandExecutor.invokeExecute(DriverCommandExecutor.java:167)
at org.openqa.selenium.remote.service.DriverCommandExecutor.execute(DriverCommandExecutor.java:142)
at org.openqa.selenium.remote.RemoteWebDriver.execute(RemoteWebDriver.java:567)
at org.openqa.selenium.remote.RemoteWebDriver.startSession(RemoteWebDriver.java:248)
at org.openqa.selenium.remote.RemoteWebDriver.<init>(RemoteWebDriver.java:164)
at org.openqa.selenium.firefox.FirefoxDriver.<init>(FirefoxDriver.java:118)
at org.openqa.selenium.firefox.FirefoxDriver.<init>(FirefoxDriver.java:106)
at org.openqa.selenium.firefox.FirefoxDriver.<init>(FirefoxDriver.java:86)
at com.facebook.qa.base.TestBase.initialization(TestBase.java:45)
at com.facebook.qa.test.SignUpPageTest.setUp(SignUpPageTest.java:29)
at java.base/java.util.ArrayList.forEach(ArrayList.java:1511)
... Removed 31 stack frames]]>
    </failure>
  </testcase> <!-- @BeforeMethod setUp -->
  <testcase classname="com.facebook.qa.test.SignUpPageTest" name="@AfterMethod tearDown" time="-1.664438733024E9">
    <skipped/>
  </testcase> <!-- @AfterMethod tearDown -->
  <testcase classname="com.facebook.qa.test.SignUpPageTest" name="@BeforeMethod setUp" time="-1.6644387332E9">
    <skipped/>
  </testcase> <!-- @BeforeMethod setUp -->
  <testcase classname="com.facebook.qa.test.SignUpPageTest" name="@AfterMethod tearDown" time="-1.664438733396E9">
    <skipped/>
  </testcase> <!-- @AfterMethod tearDown -->
  <testcase classname="com.facebook.qa.test.LoginPageTest" name="@BeforeMethod setUp" time="104.727">
    <failure type="org.openqa.selenium.TimeoutException" message="TimedPromise timed out after 20000 ms
Build info: version: &amp;apos;4.1.4&amp;apos;, revision: &amp;apos;535d840ee2&amp;apos;
System info: host: &amp;apos;DESKTOP-HL4JRJF&amp;apos;, ip: &amp;apos;192.168.1.3&amp;apos;, os.name: &amp;apos;Windows 10&amp;apos;, os.arch: &amp;apos;amd64&amp;apos;, os.version: &amp;apos;10.0&amp;apos;, java.version: &amp;apos;17.0.1&amp;apos;
Driver info: org.openqa.selenium.firefox.FirefoxDriver
Command: [0b6b68c4-0f77-404e-9ad4-16a597ed6fa3, get {url=https://www.facebook.com/login}]
Capabilities {acceptInsecureCerts: true, browserName: firefox, browserVersion: 105.0.1, javascriptEnabled: true, moz:accessibilityChecks: false, moz:buildID: 20220922151854, moz:debuggerAddress: 127.0.0.1:60188, moz:geckodriverVersion: 0.31.0, moz:headless: false, moz:platformVersion: 10.0, moz:processID: 4472, moz:profile: C:\Users\Admin\AppData\Loca..., moz:shutdownTimeout: 60000, moz:useNonSpecCompliantPointerOrigin: false, moz:webdriverClick: true, moz:windowless: false, pageLoadStrategy: normal, platform: WINDOWS, platformName: WINDOWS, proxy: Proxy(), se:cdp: ws://127.0.0.1:60188/devtoo..., se:cdpVersion: 85.0, setWindowRect: true, strictFileInteractability: false, timeouts: {implicit: 0, pageLoad: 300000, script: 30000}, unhandledPromptBehavior: dismiss and notify}
Session ID: 0b6b68c4-0f77-404e-9ad4-16a597ed6fa3">
      <![CDATA[org.openqa.selenium.TimeoutException: TimedPromise timed out after 20000 ms
Build info: version: '4.1.4', revision: '535d840ee2'
System info: host: 'DESKTOP-HL4JRJF', ip: '192.168.1.3', os.name: 'Windows 10', os.arch: 'amd64', os.version: '10.0', java.version: '17.0.1'
Driver info: org.openqa.selenium.firefox.FirefoxDriver
Command: [0b6b68c4-0f77-404e-9ad4-16a597ed6fa3, get {url=https://www.facebook.com/login}]
Capabilities {acceptInsecureCerts: true, browserName: firefox, browserVersion: 105.0.1, javascriptEnabled: true, moz:accessibilityChecks: false, moz:buildID: 20220922151854, moz:debuggerAddress: 127.0.0.1:60188, moz:geckodriverVersion: 0.31.0, moz:headless: false, moz:platformVersion: 10.0, moz:processID: 4472, moz:profile: C:\Users\Admin\AppData\Loca..., moz:shutdownTimeout: 60000, moz:useNonSpecCompliantPointerOrigin: false, moz:webdriverClick: true, moz:windowless: false, pageLoadStrategy: normal, platform: WINDOWS, platformName: WINDOWS, proxy: Proxy(), se:cdp: ws://127.0.0.1:60188/devtoo..., se:cdpVersion: 85.0, setWindowRect: true, strictFileInteractability: false, timeouts: {implicit: 0, pageLoad: 300000, script: 30000}, unhandledPromptBehavior: dismiss and notify}
Session ID: 0b6b68c4-0f77-404e-9ad4-16a597ed6fa3
at org.openqa.selenium.remote.codec.w3c.W3CHttpResponseCodec.createException(W3CHttpResponseCodec.java:200)
at org.openqa.selenium.remote.codec.w3c.W3CHttpResponseCodec.decode(W3CHttpResponseCodec.java:133)
at org.openqa.selenium.remote.codec.w3c.W3CHttpResponseCodec.decode(W3CHttpResponseCodec.java:53)
at org.openqa.selenium.remote.HttpCommandExecutor.execute(HttpCommandExecutor.java:184)
at org.openqa.selenium.remote.service.DriverCommandExecutor.invokeExecute(DriverCommandExecutor.java:167)
at org.openqa.selenium.remote.service.DriverCommandExecutor.execute(DriverCommandExecutor.java:142)
at org.openqa.selenium.remote.RemoteWebDriver.execute(RemoteWebDriver.java:567)
at org.openqa.selenium.remote.RemoteWebDriver.get(RemoteWebDriver.java:330)
at org.openqa.selenium.support.events.EventFiringWebDriver.lambda$new$1(EventFiringWebDriver.java:115)
at jdk.proxy2/jdk.proxy2.$Proxy20.get(Unknown Source)
at org.openqa.selenium.support.events.EventFiringWebDriver.get(EventFiringWebDriver.java:175)
at com.facebook.qa.base.TestBase.initialization(TestBase.java:64)
at com.facebook.qa.test.LoginPageTest.setUp(LoginPageTest.java:31)
at java.base/java.util.ArrayList.forEach(ArrayList.java:1511)
... Removed 40 stack frames]]>
    </failure>
  </testcase> <!-- @BeforeMethod setUp -->
  <testcase classname="com.facebook.qa.test.LoginPageTest" name="@AfterMethod tearDown" time="-1.664438839204E9">
    <skipped/>
  </testcase> <!-- @AfterMethod tearDown -->
  <testcase classname="com.facebook.qa.test.LoginPageTest" name="@BeforeMethod setUp" time="-1.664438839208E9">
    <skipped/>
  </testcase> <!-- @BeforeMethod setUp -->
  <testcase classname="com.facebook.qa.test.LoginPageTest" name="@AfterMethod tearDown" time="-1.664438839676E9">
    <skipped/>
  </testcase> <!-- @AfterMethod tearDown -->
  <testcase classname="com.facebook.qa.test.LoginPageTest" name="@BeforeMethod setUp" time="-1.664438839755E9">
    <skipped/>
  </testcase> <!-- @BeforeMethod setUp -->
  <testcase classname="com.facebook.qa.test.LoginPageTest" name="@AfterMethod tearDown" time="-1.66443884011E9">
    <skipped/>
  </testcase> <!-- @AfterMethod tearDown -->
  <testcase classname="com.facebook.qa.test.LoginPageTest" name="@BeforeMethod setUp" time="-1.664438840114E9">
    <skipped/>
  </testcase> <!-- @BeforeMethod setUp -->
  <testcase classname="com.facebook.qa.test.LoginPageTest" name="@AfterMethod tearDown" time="-1.664438840229E9">
    <skipped/>
  </testcase> <!-- @AfterMethod tearDown -->
  <testcase classname="com.facebook.qa.test.HomePageTest" name="@BeforeMethod setUp" time="85.759">
    <failure type="org.openqa.selenium.TimeoutException" message="TimedPromise timed out after 20000 ms
Build info: version: &amp;apos;4.1.4&amp;apos;, revision: &amp;apos;535d840ee2&amp;apos;
System info: host: &amp;apos;DESKTOP-HL4JRJF&amp;apos;, ip: &amp;apos;192.168.1.3&amp;apos;, os.name: &amp;apos;Windows 10&amp;apos;, os.arch: &amp;apos;amd64&amp;apos;, os.version: &amp;apos;10.0&amp;apos;, java.version: &amp;apos;17.0.1&amp;apos;
Driver info: org.openqa.selenium.firefox.FirefoxDriver
Command: [6a4f4b03-834c-4dd8-b9a6-135e91d5ed20, get {url=https://www.facebook.com/login}]
Capabilities {acceptInsecureCerts: true, browserName: firefox, browserVersion: 105.0.1, javascriptEnabled: true, moz:accessibilityChecks: false, moz:buildID: 20220922151854, moz:debuggerAddress: 127.0.0.1:61763, moz:geckodriverVersion: 0.31.0, moz:headless: false, moz:platformVersion: 10.0, moz:processID: 11844, moz:profile: C:\Users\Admin\AppData\Loca..., moz:shutdownTimeout: 60000, moz:useNonSpecCompliantPointerOrigin: false, moz:webdriverClick: true, moz:windowless: false, pageLoadStrategy: normal, platform: WINDOWS, platformName: WINDOWS, proxy: Proxy(), se:cdp: ws://127.0.0.1:61763/devtoo..., se:cdpVersion: 85.0, setWindowRect: true, strictFileInteractability: false, timeouts: {implicit: 0, pageLoad: 300000, script: 30000}, unhandledPromptBehavior: dismiss and notify}
Session ID: 6a4f4b03-834c-4dd8-b9a6-135e91d5ed20">
      <![CDATA[org.openqa.selenium.TimeoutException: TimedPromise timed out after 20000 ms
Build info: version: '4.1.4', revision: '535d840ee2'
System info: host: 'DESKTOP-HL4JRJF', ip: '192.168.1.3', os.name: 'Windows 10', os.arch: 'amd64', os.version: '10.0', java.version: '17.0.1'
Driver info: org.openqa.selenium.firefox.FirefoxDriver
Command: [6a4f4b03-834c-4dd8-b9a6-135e91d5ed20, get {url=https://www.facebook.com/login}]
Capabilities {acceptInsecureCerts: true, browserName: firefox, browserVersion: 105.0.1, javascriptEnabled: true, moz:accessibilityChecks: false, moz:buildID: 20220922151854, moz:debuggerAddress: 127.0.0.1:61763, moz:geckodriverVersion: 0.31.0, moz:headless: false, moz:platformVersion: 10.0, moz:processID: 11844, moz:profile: C:\Users\Admin\AppData\Loca..., moz:shutdownTimeout: 60000, moz:useNonSpecCompliantPointerOrigin: false, moz:webdriverClick: true, moz:windowless: false, pageLoadStrategy: normal, platform: WINDOWS, platformName: WINDOWS, proxy: Proxy(), se:cdp: ws://127.0.0.1:61763/devtoo..., se:cdpVersion: 85.0, setWindowRect: true, strictFileInteractability: false, timeouts: {implicit: 0, pageLoad: 300000, script: 30000}, unhandledPromptBehavior: dismiss and notify}
Session ID: 6a4f4b03-834c-4dd8-b9a6-135e91d5ed20
at org.openqa.selenium.remote.codec.w3c.W3CHttpResponseCodec.createException(W3CHttpResponseCodec.java:200)
at org.openqa.selenium.remote.codec.w3c.W3CHttpResponseCodec.decode(W3CHttpResponseCodec.java:133)
at org.openqa.selenium.remote.codec.w3c.W3CHttpResponseCodec.decode(W3CHttpResponseCodec.java:53)
at org.openqa.selenium.remote.HttpCommandExecutor.execute(HttpCommandExecutor.java:184)
at org.openqa.selenium.remote.service.DriverCommandExecutor.invokeExecute(DriverCommandExecutor.java:167)
at org.openqa.selenium.remote.service.DriverCommandExecutor.execute(DriverCommandExecutor.java:142)
at org.openqa.selenium.remote.RemoteWebDriver.execute(RemoteWebDriver.java:567)
at org.openqa.selenium.remote.RemoteWebDriver.get(RemoteWebDriver.java:330)
at org.openqa.selenium.support.events.EventFiringWebDriver.lambda$new$1(EventFiringWebDriver.java:115)
at jdk.proxy2/jdk.proxy2.$Proxy20.get(Unknown Source)
at org.openqa.selenium.support.events.EventFiringWebDriver.get(EventFiringWebDriver.java:175)
at com.facebook.qa.base.TestBase.initialization(TestBase.java:64)
at com.facebook.qa.test.HomePageTest.setUp(HomePageTest.java:25)
at java.base/java.util.ArrayList.forEach(ArrayList.java:1511)
... Removed 40 stack frames]]>
    </failure>
  </testcase> <!-- @BeforeMethod setUp -->
  <testcase classname="com.facebook.qa.test.HomePageTest" name="@AfterMethod tearDown" time="-1.664438926952E9">
    <skipped/>
  </testcase> <!-- @AfterMethod tearDown -->
  <testcase classname="com.facebook.qa.test.HomePageTest" name="@BeforeMethod setUp" time="-1.664438927083E9">
    <skipped/>
  </testcase> <!-- @BeforeMethod setUp -->
  <testcase classname="com.facebook.qa.test.HomePageTest" name="@AfterMethod tearDown" time="-1.664438927703E9">
    <skipped/>
  </testcase> <!-- @AfterMethod tearDown -->
  <testcase classname="com.facebook.qa.test.ProfilePageTest" name="@BeforeMethod setUp" time="145.338">
    <failure type="org.openqa.selenium.SessionNotCreatedException" message="Could not start a new session. Response code 500. Message: Socket timeout reading Marionette handshake data: A connection attempt failed because the connected party did not properly respond after a period of time, or established connection failed because connected host has failed to respond. (os error 10060)
Build info: version: &amp;apos;4.1.4&amp;apos;, revision: &amp;apos;535d840ee2&amp;apos;
System info: host: &amp;apos;DESKTOP-HL4JRJF&amp;apos;, ip: &amp;apos;192.168.1.3&amp;apos;, os.name: &amp;apos;Windows 10&amp;apos;, os.arch: &amp;apos;amd64&amp;apos;, os.version: &amp;apos;10.0&amp;apos;, java.version: &amp;apos;17.0.1&amp;apos;
Driver info: org.openqa.selenium.firefox.FirefoxDriver
Command: [null, newSession {capabilities=[Capabilities {acceptInsecureCerts: true, browserName: firefox, moz:debuggerAddress: true, moz:firefoxOptions: {}}], desiredCapabilities=Capabilities {acceptInsecureCerts: true, browserName: firefox, moz:debuggerAddress: true, moz:firefoxOptions: {}}}]">
      <![CDATA[org.openqa.selenium.SessionNotCreatedException: Could not start a new session. Response code 500. Message: Socket timeout reading Marionette handshake data: A connection attempt failed because the connected party did not properly respond after a period of time, or established connection failed because connected host has failed to respond. (os error 10060)
Build info: version: '4.1.4', revision: '535d840ee2'
System info: host: 'DESKTOP-HL4JRJF', ip: '192.168.1.3', os.name: 'Windows 10', os.arch: 'amd64', os.version: '10.0', java.version: '17.0.1'
Driver info: org.openqa.selenium.firefox.FirefoxDriver
Command: [null, newSession {capabilities=[Capabilities {acceptInsecureCerts: true, browserName: firefox, moz:debuggerAddress: true, moz:firefoxOptions: {}}], desiredCapabilities=Capabilities {acceptInsecureCerts: true, browserName: firefox, moz:debuggerAddress: true, moz:firefoxOptions: {}}}]
at org.openqa.selenium.remote.ProtocolHandshake.createSession(ProtocolHandshake.java:126)
at org.openqa.selenium.remote.ProtocolHandshake.createSession(ProtocolHandshake.java:84)
at org.openqa.selenium.remote.ProtocolHandshake.createSession(ProtocolHandshake.java:62)
at org.openqa.selenium.remote.HttpCommandExecutor.execute(HttpCommandExecutor.java:156)
at org.openqa.selenium.remote.service.DriverCommandExecutor.invokeExecute(DriverCommandExecutor.java:167)
at org.openqa.selenium.remote.service.DriverCommandExecutor.execute(DriverCommandExecutor.java:142)
at org.openqa.selenium.remote.RemoteWebDriver.execute(RemoteWebDriver.java:567)
at org.openqa.selenium.remote.RemoteWebDriver.startSession(RemoteWebDriver.java:248)
at org.openqa.selenium.remote.RemoteWebDriver.<init>(RemoteWebDriver.java:164)
at org.openqa.selenium.firefox.FirefoxDriver.<init>(FirefoxDriver.java:118)
at org.openqa.selenium.firefox.FirefoxDriver.<init>(FirefoxDriver.java:106)
at org.openqa.selenium.firefox.FirefoxDriver.<init>(FirefoxDriver.java:86)
at com.facebook.qa.base.TestBase.initialization(TestBase.java:45)
at com.facebook.qa.test.ProfilePageTest.setUp(ProfilePageTest.java:23)
at java.base/java.util.ArrayList.forEach(ArrayList.java:1511)
... Removed 31 stack frames]]>
    </failure>
  </testcase> <!-- @BeforeMethod setUp -->
  <testcase classname="com.facebook.qa.test.ProfilePageTest" name="@AfterMethod tearDown" time="-1.664439074733E9">
    <skipped/>
  </testcase> <!-- @AfterMethod tearDown -->
  <testcase classname="com.facebook.qa.test.ProfilePageTest" name="@BeforeMethod setUp" time="-1.664439074736E9">
    <skipped/>
  </testcase> <!-- @BeforeMethod setUp -->
  <testcase classname="com.facebook.qa.test.ProfilePageTest" name="@AfterMethod tearDown" time="-1.664439074745E9">
    <skipped/>
  </testcase> <!-- @AfterMethod tearDown -->
  <testcase classname="com.facebook.qa.test.SignUpPageTest" name="createNewAccountTest" time="0.0">
    <skipped/>
  </testcase> <!-- createNewAccountTest -->
  <testcase classname="com.facebook.qa.test.SignUpPageTest" name="createNewAccountTest" time="0.0">
    <skipped/>
  </testcase> <!-- createNewAccountTest -->
  <testcase classname="com.facebook.qa.test.LoginPageTest" name="loginTest" time="0.0">
    <skipped/>
  </testcase> <!-- loginTest -->
  <testcase classname="com.facebook.qa.test.LoginPageTest" name="loginTest" time="0.0">
    <skipped/>
  </testcase> <!-- loginTest -->
  <testcase classname="com.facebook.qa.test.LoginPageTest" name="LoginPageTitle" time="0.0">
    <skipped/>
  </testcase> <!-- LoginPageTitle -->
  <testcase classname="com.facebook.qa.test.LoginPageTest" name="loginTest" time="0.0">
    <skipped/>
  </testcase> <!-- loginTest -->
  <testcase classname="com.facebook.qa.test.HomePageTest" name="verifyHomePageTitleTest" time="0.0">
    <skipped/>
  </testcase> <!-- verifyHomePageTitleTest -->
  <testcase classname="com.facebook.qa.test.HomePageTest" name="verifyUsernameTest" time="0.0">
    <skipped/>
  </testcase> <!-- verifyUsernameTest -->
  <testcase classname="com.facebook.qa.test.ProfilePageTest" name="verifyHomePageTitleTest" time="0.0">
    <skipped/>
  </testcase> <!-- verifyHomePageTitleTest -->
  <testcase classname="com.facebook.qa.test.ProfilePageTest" name="verifyProfilePageTest" time="0.0">
    <skipped/>
  </testcase> <!-- verifyProfilePageTest -->
</testsuite> <!-- Test -->
