<?xml version="1.0" encoding="UTF-8"?>
<testng-results ignored="0" total="4" passed="4" failed="0" skipped="0">
  <reporter-output>
  </reporter-output>
  <suite started-at="2022-08-12T01:47:18 IST" name="Default suite" finished-at="2022-08-12T01:48:06 IST" duration-ms="48411">
    <groups>
    </groups>
    <test started-at="2022-08-12T01:47:18 IST" name="Default test" finished-at="2022-08-12T01:48:06 IST" duration-ms="48411">
      <class name="com.facebook.qa.test.LoginPageTest">
        <test-method is-config="true" signature="setUp()[pri:0, instance:com.facebook.qa.test.LoginPageTest@6f53b8a]" started-at="2022-08-12T01:47:20 IST" name="setUp" finished-at="2022-08-12T01:47:30 IST" duration-ms="10338" status="PASS">
          <reporter-output>
          </reporter-output>
        </test-method> <!-- setUp -->
        <test-method signature="loginTest(java.lang.String,java.lang.String)[pri:0, instance:com.facebook.qa.test.LoginPageTest@6f53b8a]" started-at="2022-08-12T01:47:30 IST" name="loginTest" data-provider="getTestData" finished-at="2022-08-12T01:47:33 IST" duration-ms="2372" status="PASS">
          <params>
            <param index="0">
              <value>
                <![CDATA[sinkykumariverma@gmail.com]]>
              </value>
            </param>
            <param index="1">
              <value>
                <![CDATA[Sinky123]]>
              </value>
            </param>
          </params>
          <reporter-output>
          </reporter-output>
        </test-method> <!-- loginTest -->
        <test-method is-config="true" signature="tearDown()[pri:0, instance:com.facebook.qa.test.LoginPageTest@6f53b8a]" started-at="2022-08-12T01:47:33 IST" name="tearDown" finished-at="2022-08-12T01:47:35 IST" duration-ms="2435" status="PASS">
          <reporter-output>
          </reporter-output>
        </test-method> <!-- tearDown -->
        <test-method is-config="true" signature="setUp()[pri:0, instance:com.facebook.qa.test.LoginPageTest@6f53b8a]" started-at="2022-08-12T01:47:35 IST" name="setUp" finished-at="2022-08-12T01:47:42 IST" duration-ms="6667" status="PASS">
          <reporter-output>
          </reporter-output>
        </test-method> <!-- setUp -->
        <test-method signature="loginTest(java.lang.String,java.lang.String)[pri:0, instance:com.facebook.qa.test.LoginPageTest@6f53b8a]" started-at="2022-08-12T01:47:42 IST" name="loginTest" data-provider="getTestData" finished-at="2022-08-12T01:47:44 IST" duration-ms="2288" status="PASS">
          <params>
            <param index="0">
              <value>
                <![CDATA[rajpiya241@gmail.com]]>
              </value>
            </param>
            <param index="1">
              <value>
                <![CDATA[Piya123]]>
              </value>
            </param>
          </params>
          <reporter-output>
          </reporter-output>
        </test-method> <!-- loginTest -->
        <test-method is-config="true" signature="tearDown()[pri:0, instance:com.facebook.qa.test.LoginPageTest@6f53b8a]" started-at="2022-08-12T01:47:44 IST" name="tearDown" finished-at="2022-08-12T01:47:46 IST" duration-ms="2257" status="PASS">
          <reporter-output>
          </reporter-output>
        </test-method> <!-- tearDown -->
        <test-method is-config="true" signature="setUp()[pri:0, instance:com.facebook.qa.test.LoginPageTest@6f53b8a]" started-at="2022-08-12T01:47:46 IST" name="setUp" finished-at="2022-08-12T01:47:55 IST" duration-ms="8801" status="PASS">
          <reporter-output>
          </reporter-output>
        </test-method> <!-- setUp -->
        <test-method signature="LoginPageTitle()[pri:1, instance:com.facebook.qa.test.LoginPageTest@6f53b8a]" started-at="2022-08-12T01:47:55 IST" name="LoginPageTitle" finished-at="2022-08-12T01:47:55 IST" duration-ms="45" status="PASS">
          <reporter-output>
          </reporter-output>
        </test-method> <!-- LoginPageTitle -->
        <test-method is-config="true" signature="tearDown()[pri:0, instance:com.facebook.qa.test.LoginPageTest@6f53b8a]" started-at="2022-08-12T01:47:55 IST" name="tearDown" finished-at="2022-08-12T01:47:58 IST" duration-ms="2304" status="PASS">
          <reporter-output>
          </reporter-output>
        </test-method> <!-- tearDown -->
        <test-method is-config="true" signature="setUp()[pri:0, instance:com.facebook.qa.test.LoginPageTest@6f53b8a]" started-at="2022-08-12T01:47:58 IST" name="setUp" finished-at="2022-08-12T01:48:03 IST" duration-ms="5848" status="PASS">
          <reporter-output>
          </reporter-output>
        </test-method> <!-- setUp -->
        <test-method signature="loginTest()[pri:2, instance:com.facebook.qa.test.LoginPageTest@6f53b8a]" started-at="2022-08-12T01:48:03 IST" name="loginTest" finished-at="2022-08-12T01:48:04 IST" duration-ms="292" status="PASS">
          <reporter-output>
          </reporter-output>
        </test-method> <!-- loginTest -->
        <test-method is-config="true" signature="tearDown()[pri:0, instance:com.facebook.qa.test.LoginPageTest@6f53b8a]" started-at="2022-08-12T01:48:04 IST" name="tearDown" finished-at="2022-08-12T01:48:06 IST" duration-ms="2267" status="PASS">
          <reporter-output>
          </reporter-output>
        </test-method> <!-- tearDown -->
      </class> <!-- com.facebook.qa.test.LoginPageTest -->
    </test> <!-- Default test -->
  </suite> <!-- Default suite -->
</testng-results>
